<?xml version="1.0" encoding="UTF-8"?>
<!-- Generated by org.testng.reporters.JUnitReportReporter -->
<testsuite skipped="0" hostname="LAPTOP-INV4FEQ8" name="com.tutorialsninja.qa.testcases.Register" tests="4" failures="0" timestamp="2023-03-03T16:38:22 EST" time="26.269" errors="0">
  <testcase name="verifyRegisterAccountWithMandatoryFields" time="7.602" classname="com.tutorialsninja.qa.testcases.Register"/>
  <system-out/>
  <testcase name="verifyRegisterAccountWithAllFields" time="6.556" classname="com.tutorialsninja.qa.testcases.Register"/>
  <system-out/>
  <testcase name="verifyRegisterAccountWithExistingEmail" time="6.045" classname="com.tutorialsninja.qa.testcases.Register"/>
  <system-out/>
  <testcase name="verifyRegisterAccountWithoutFillingAnyDetails" time="6.066" classname="com.tutorialsninja.qa.testcases.Register"/>
  <system-out/>
</testsuite> <!-- com.tutorialsninja.qa.testcases.Register -->
