<?xml version="1.0" encoding="UTF-8"?>
<!-- Generated by org.testng.reporters.JUnitReportReporter -->
<testsuite skipped="0" hostname="LAPTOP-INV4FEQ8" name="com.tutorialsninja.qa.testcases.Login" tests="4" failures="0" timestamp="2023-03-04T09:29:18 EST" time="37.037" errors="0">
  <testcase name="verifyLoginWithValidCredentials" time="16.033" classname="com.tutorialsninja.qa.testcases.Login"/>
  <system-out/>
  <testcase name="verifyLoginWithValidCredentials" time="7.097" classname="com.tutorialsninja.qa.testcases.Login"/>
  <system-out/>
  <testcase name="verifyLoginWithValidCredentials" time="6.749" classname="com.tutorialsninja.qa.testcases.Login"/>
  <system-out/>
  <testcase name="verifyLoginWithValidCredentials" time="7.158" classname="com.tutorialsninja.qa.testcases.Login"/>
  <system-out/>
</testsuite> <!-- com.tutorialsninja.qa.testcases.Login -->
