<?xml version="1.0" encoding="UTF-8"?>
<!-- Generated by org.testng.reporters.JUnitReportReporter -->
<testsuite skipped="0" hostname="LAPTOP-INV4FEQ8" name="datadriven_testing.Sample" tests="4" failures="0" timestamp="2023-02-23T00:33:12 EST" time="24.313" errors="0">
  <testcase name="ninjaLoginTest" time="5.695" classname="datadriven_testing.Sample"/>
  <system-out/>
  <testcase name="ninjaLoginTest" time="7.327" classname="datadriven_testing.Sample"/>
  <system-out/>
  <testcase name="ninjaLoginTest" time="5.729" classname="datadriven_testing.Sample"/>
  <system-out/>
  <testcase name="ninjaLoginTest" time="5.562" classname="datadriven_testing.Sample"/>
  <system-out/>
</testsuite> <!-- datadriven_testing.Sample -->
