<?xml version="1.0" encoding="UTF-8"?>
<!-- Generated by org.testng.reporters.JUnitReportReporter -->
<testsuite skipped="0" hostname="LAPTOP-INV4FEQ8" name="com.tutorialsninja.qa.testcases.LoginTest" tests="9" failures="0" timestamp="2022-12-26T00:41:43 EST" time="88.786" errors="0">
  <testcase name="verifyLoginWithInvalidCredentials" time="10.683" classname="com.tutorialsninja.qa.testcases.LoginTest"/>
  <system-out/>
  <testcase name="verifyLoginWithInvalidCredentials" time="8.234" classname="com.tutorialsninja.qa.testcases.LoginTest"/>
  <system-out/>
  <testcase name="verifyLoginWithInvalidCredentials" time="14.295" classname="com.tutorialsninja.qa.testcases.LoginTest"/>
  <system-out/>
  <testcase name="verifyLoginWithInvalidCredentials" time="8.155" classname="com.tutorialsninja.qa.testcases.LoginTest"/>
  <system-out/>
  <testcase name="verifyLoginWithInvalidCredentials" time="12.774" classname="com.tutorialsninja.qa.testcases.LoginTest"/>
  <system-out/>
  <testcase name="verifyLoginWithInvalidCredentials" time="7.075" classname="com.tutorialsninja.qa.testcases.LoginTest"/>
  <system-out/>
  <testcase name="verifyLoginWithInvalidCredentials" time="7.637" classname="com.tutorialsninja.qa.testcases.LoginTest"/>
  <system-out/>
  <testcase name="verifyLoginWithInvalidCredentials" time="7.413" classname="com.tutorialsninja.qa.testcases.LoginTest"/>
  <system-out/>
  <testcase name="verifyLoginWithInvalidCredentials" time="12.520" classname="com.tutorialsninja.qa.testcases.LoginTest"/>
  <system-out/>
</testsuite> <!-- com.tutorialsninja.qa.testcases.LoginTest -->
