<?xml version="1.0" encoding="UTF-8"?>
<!-- Generated by org.testng.reporters.JUnitReportReporter -->
<testsuite skipped="0" hostname="LAPTOP-INV4FEQ8" name="datadriven_testing.Demo1" tests="3" failures="0" timestamp="2023-02-22T12:48:39 EST" time="18.650" errors="0">
  <testcase name="verifyLogin" time="5.611" classname="datadriven_testing.Demo1"/>
  <system-out/>
  <testcase name="verifyLogin" time="5.514" classname="datadriven_testing.Demo1"/>
  <system-out/>
  <testcase name="verifyLogin" time="7.525" classname="datadriven_testing.Demo1"/>
  <system-out/>
</testsuite> <!-- datadriven_testing.Demo1 -->
