<?xml version="1.0" encoding="UTF-8"?>
<!-- Generated by org.testng.reporters.JUnitReportReporter -->
<testsuite skipped="0" hostname="LAPTOP-INV4FEQ8" name="datadriven_testing.Demo" tests="3" failures="0" timestamp="2023-02-22T12:33:09 EST" time="18.515" errors="0">
  <testcase name="verifyLogin" time="5.652" classname="datadriven_testing.Demo"/>
  <system-out/>
  <testcase name="verifyLogin" time="5.659" classname="datadriven_testing.Demo"/>
  <system-out/>
  <testcase name="verifyLogin" time="7.204" classname="datadriven_testing.Demo"/>
  <system-out/>
</testsuite> <!-- datadriven_testing.Demo -->
