<?xml version="1.0" encoding="UTF-8"?>
<!-- Generated by org.testng.reporters.JUnitReportReporter -->
<testsuite skipped="0" hostname="LAPTOP-INV4FEQ8" name="datadriventesting.TN_DataProvider" tests="4" failures="0" timestamp="2023-02-27T17:21:03 EST" time="28.287" errors="0">
  <testcase name="loginTest" time="6.605" classname="datadriventesting.TN_DataProvider"/>
  <system-out/>
  <testcase name="loginTest" time="6.658" classname="datadriventesting.TN_DataProvider"/>
  <system-out/>
  <testcase name="loginTest" time="8.472" classname="datadriventesting.TN_DataProvider"/>
  <system-out/>
  <testcase name="loginTest" time="6.552" classname="datadriventesting.TN_DataProvider"/>
  <system-out/>
</testsuite> <!-- datadriventesting.TN_DataProvider -->
