<?xml version="1.0" encoding="UTF-8"?>
<!-- Generated by org.testng.reporters.JUnitReportReporter -->
<testsuite skipped="0" hostname="LAPTOP-INV4FEQ8" name="datadriven_Eng_testing.Sample" tests="4" failures="0" timestamp="2023-02-23T21:05:59 EST" time="32.900" errors="0">
  <testcase name="ninjaLoginTest" time="6.622" classname="datadriven_Eng_testing.Sample"/>
  <system-out/>
  <testcase name="ninjaLoginTest" time="6.305" classname="datadriven_Eng_testing.Sample"/>
  <system-out/>
  <testcase name="ninjaLoginTest" time="6.341" classname="datadriven_Eng_testing.Sample"/>
  <system-out/>
  <testcase name="ninjaLoginTest" time="13.632" classname="datadriven_Eng_testing.Sample"/>
  <system-out/>
</testsuite> <!-- datadriven_Eng_testing.Sample -->
