<?xml version="1.0" encoding="UTF-8"?>
<!-- Generated by org.testng.reporters.JUnitReportReporter -->
<testsuite skipped="0" hostname="LAPTOP-INV4FEQ8" name="separateDataProvider.Demo" tests="3" failures="0" timestamp="2023-02-22T13:18:19 EST" time="18.156" errors="0">
  <testcase name="verifyLogin" time="7.253" classname="separateDataProvider.Demo"/>
  <system-out/>
  <testcase name="verifyLogin" time="5.459" classname="separateDataProvider.Demo"/>
  <system-out/>
  <testcase name="verifyLogin" time="5.444" classname="separateDataProvider.Demo"/>
  <system-out/>
</testsuite> <!-- separateDataProvider.Demo -->
