<?xml version="1.0" encoding="UTF-8"?>
<!-- Generated by org.testng.reporters.JUnitReportReporter -->
<testsuite skipped="0" hostname="LAPTOP-INV4FEQ8" name="com.tutorialsninja.qa.testcases.Search" tests="3" failures="0" timestamp="2023-03-03T16:38:22 EST" time="14.737" errors="0">
  <testcase name="verifySearchWithValidProduct" time="5.096" classname="com.tutorialsninja.qa.testcases.Search"/>
  <system-out/>
  <testcase name="verifySearchWithNonExistingProduct" time="4.988" classname="com.tutorialsninja.qa.testcases.Search"/>
  <system-out/>
  <testcase name="verifySearchWithoutEnteringAnyProduct" time="4.653" classname="com.tutorialsninja.qa.testcases.Search"/>
  <system-out/>
</testsuite> <!-- com.tutorialsninja.qa.testcases.Search -->
